{"C:\\Users\\nickt\\Documents\\GitHub\\full-stack-open\\part5\\bloglist-frontend\\src\\components\\Blog.jsx": {"path":"C:\\Users\\nickt\\Documents\\GitHub\\full-stack-open\\part5\\bloglist-frontend\\src\\components\\Blog.jsx","statementMap":{"0":{"start":{"line":3,"column":13},"end":{"line":44,"column":null}},"1":{"start":{"line":4,"column":28},"end":{"line":4,"column":null}},"2":{"start":{"line":6,"column":21},"end":{"line":6,"column":null}},"3":{"start":{"line":8,"column":20},"end":{"line":14,"column":null}},"4":{"start":{"line":16,"column":2},"end":{"line":42,"column":null}},"5":{"start":{"line":20,"column":31},"end":{"line":20,"column":null}},"6":{"start":{"line":30,"column":35},"end":{"line":30,"column":53}},"7":{"start":{"line":36,"column":35},"end":{"line":36,"column":55}}},"fnMap":{"0":{"name":"(anonymous_0)","decl":{"start":{"line":3,"column":13},"end":{"line":3,"column":14}},"loc":{"start":{"line":3,"column":59},"end":{"line":44,"column":null}},"line":3},"1":{"name":"(anonymous_1)","decl":{"start":{"line":20,"column":25},"end":{"line":20,"column":31}},"loc":{"start":{"line":20,"column":31},"end":{"line":20,"column":null}},"line":20},"2":{"name":"(anonymous_2)","decl":{"start":{"line":30,"column":29},"end":{"line":30,"column":35}},"loc":{"start":{"line":30,"column":35},"end":{"line":30,"column":53}},"line":30},"3":{"name":"(anonymous_3)","decl":{"start":{"line":36,"column":29},"end":{"line":36,"column":35}},"loc":{"start":{"line":36,"column":35},"end":{"line":36,"column":55}},"line":36}},"branchMap":{"0":{"loc":{"start":{"line":21,"column":11},"end":{"line":21,"column":null}},"type":"cond-expr","locations":[{"start":{"line":21,"column":21},"end":{"line":21,"column":30}},{"start":{"line":21,"column":30},"end":{"line":21,"column":null}}],"line":21},"1":{"loc":{"start":{"line":25,"column":7},"end":{"line":40,"column":null}},"type":"binary-expr","locations":[{"start":{"line":25,"column":7},"end":{"line":25,"column":null}},{"start":{"line":26,"column":8},"end":{"line":40,"column":null}}],"line":25},"2":{"loc":{"start":{"line":35,"column":11},"end":{"line":38,"column":null}},"type":"binary-expr","locations":[{"start":{"line":35,"column":11},"end":{"line":35,"column":null}},{"start":{"line":36,"column":12},"end":{"line":38,"column":null}}],"line":35}},"s":{"0":1,"1":1,"2":1,"3":1,"4":1,"5":0,"6":0,"7":0},"f":{"0":1,"1":0,"2":0,"3":0},"b":{"0":[0,1],"1":[1,0],"2":[0,0]},"meta":{"lastBranch":3,"lastFunction":4,"lastStatement":8,"seen":{"s:3:13:44:Infinity":0,"f:3:13:3:14":0,"s:4:28:4:Infinity":1,"s:6:21:6:Infinity":2,"s:8:20:14:Infinity":3,"s:16:2:42:Infinity":4,"f:20:25:20:31":1,"s:20:31:20:Infinity":5,"b:21:21:21:30:21:30:21:Infinity":0,"b:25:7:25:Infinity:26:8:40:Infinity":1,"f:30:29:30:35":2,"s:30:35:30:53":6,"b:35:11:35:Infinity:36:12:38:Infinity":2,"f:36:29:36:35":3,"s:36:35:36:55":7},"fnNames":{}}}
}
